<?xml version="1.0" encoding="UTF-8"?>
<testng-results ignored="0" total="1" passed="1" failed="0" skipped="0">
  <reporter-output>
  </reporter-output>
  <suite started-at="2024-08-29T13:18:44 IST" name="Default suite" finished-at="2024-08-29T13:18:44 IST" duration-ms="47">
    <groups>
    </groups>
    <test started-at="2024-08-29T13:18:44 IST" name="Default test" finished-at="2024-08-29T13:18:44 IST" duration-ms="47">
      <class name="buyerSide.smaopke">
        <test-method signature="vk()[pri:0, instance:buyerSide.smaopke@63a12c68]" started-at="2024-08-29T13:18:44 IST" name="vk" finished-at="2024-08-29T13:18:44 IST" duration-ms="7" status="PASS">
          <reporter-output>
          </reporter-output>
        </test-method> <!-- vk -->
      </class> <!-- buyerSide.smaopke -->
    </test> <!-- Default test -->
  </suite> <!-- Default suite -->
</testng-results>
